<?xml version="1.0" encoding="UTF-8"?>
<!-- Generated by org.testng.reporters.JUnitReportReporter -->
<testsuite hostname="DESKTOP-KAVYA" failures="0" tests="1" name="com.qa.testlayer.Testcase_008" time="21.775" errors="0" timestamp="2024-03-31T11:44:59 IST" skipped="0">
  <testcase classname="com.qa.testlayer.Testcase_008" name="uploadFile" time="21.775"/>
  <system-out/>
</testsuite> <!-- com.qa.testlayer.Testcase_008 -->
