<?xml version="1.0" encoding="UTF-8"?>
<!-- Generated by org.testng.reporters.JUnitReportReporter -->
<testsuite hostname="DESKTOP-KAVYA" failures="0" tests="1" name="com.qa.testlayer.Testcase_002" time="7.118" errors="0" timestamp="2024-03-28T18:15:43 IST" skipped="0">
  <testcase classname="com.qa.testlayer.Testcase_002" name="enterInvalidUsername_And_ValidPassword" time="7.118"/>
  <system-out/>
</testsuite> <!-- com.qa.testlayer.Testcase_002 -->
