<?xml version="1.0" encoding="UTF-8"?>
<!-- Generated by org.testng.reporters.JUnitReportReporter -->
<testsuite hostname="DESKTOP-KAVYA" failures="0" tests="1" name="com.qa.testlayer.Testcase_009" time="18.405" errors="0" timestamp="2024-03-31T12:03:10 IST" skipped="0">
  <testcase classname="com.qa.testlayer.Testcase_009" name="uploadFileUsingAutoit" time="18.405"/>
  <system-out/>
</testsuite> <!-- com.qa.testlayer.Testcase_009 -->
