<?xml version="1.0" encoding="UTF-8"?>
<!-- Generated by org.testng.reporters.JUnitReportReporter -->
<testsuite hostname="DESKTOP-KAVYA" failures="0" tests="1" name="com.qa.testlayer.Testcase_004" time="6.284" errors="0" timestamp="2024-03-28T18:24:06 IST" skipped="0">
  <testcase classname="com.qa.testlayer.Testcase_004" name="enterInvalidUsername_And_InvalidPassword" time="6.284"/>
  <system-out/>
</testsuite> <!-- com.qa.testlayer.Testcase_004 -->
