<?xml version="1.0" encoding="UTF-8"?>
<!-- Generated by org.testng.reporters.JUnitReportReporter -->
<testsuite hostname="DESKTOP-KAVYA" failures="0" tests="1" name="com.qa.testlayer.Testcase_003" time="6.255" errors="0" timestamp="2024-03-28T18:19:42 IST" skipped="0">
  <testcase classname="com.qa.testlayer.Testcase_003" name="enterValidUsername_And_InvalidPassword" time="6.255"/>
  <system-out/>
</testsuite> <!-- com.qa.testlayer.Testcase_003 -->
