<?xml version="1.0" encoding="UTF-8"?>
<!-- Generated by org.testng.reporters.JUnitReportReporter -->
<testsuite hostname="DESKTOP-KAVYA" failures="0" tests="1" name="com.qa.testlayer.Testcase_011" time="24.846" errors="0" timestamp="2024-03-31T12:58:29 IST" skipped="0">
  <testcase classname="com.qa.testlayer.Testcase_011" name="deleteEmployee" time="24.846"/>
  <system-out/>
</testsuite> <!-- com.qa.testlayer.Testcase_011 -->
