<?xml version="1.0" encoding="UTF-8"?>
<!-- Generated by org.testng.reporters.JUnitReportReporter -->
<testsuite hostname="DESKTOP-KAVYA" failures="0" tests="1" name="com.qa.testlayer.Testcase_001" time="11.158" errors="0" timestamp="2024-04-17T13:07:56 IST" skipped="0">
  <testcase classname="com.qa.testlayer.Testcase_001" name="enterValidUsername_And_ValidPassword" time="11.158"/>
  <system-out/>
</testsuite> <!-- com.qa.testlayer.Testcase_001 -->
