<?xml version="1.0" encoding="UTF-8"?>
<!-- Generated by org.testng.reporters.JUnitReportReporter -->
<testsuite hostname="DESKTOP-KAVYA" failures="0" tests="1" name="com.qa.testlayer.Testcase_010" time="22.205" errors="0" timestamp="2024-03-31T12:20:46 IST" skipped="0">
  <testcase classname="com.qa.testlayer.Testcase_010" name="uploadImageUsingAutoit" time="22.205"/>
  <system-out/>
</testsuite> <!-- com.qa.testlayer.Testcase_010 -->
