<?xml version="1.0" encoding="UTF-8"?>
<!-- Generated by org.testng.reporters.JUnitReportReporter -->
<testsuite hostname="DESKTOP-KAVYA" failures="0" tests="1" name="com.qa.testlayer.Testcase_006" time="11.075" errors="0" timestamp="2024-03-30T17:16:56 IST" skipped="0">
  <testcase classname="com.qa.testlayer.Testcase_006" name="searchEmployee" time="11.075"/>
  <system-out/>
</testsuite> <!-- com.qa.testlayer.Testcase_006 -->
